<?xml version="1.0" encoding="UTF-8"?>
<coverage generated="1541269120800" clover="3.2.0">
  <project timestamp="1541269120801" name="All files">
    <metrics statements="131" coveredstatements="99" conditionals="63" coveredconditionals="40" methods="21" coveredmethods="14" elements="215" coveredelements="153" complexity="0" loc="131" ncloc="131" packages="3" files="10" classes="10">
      <package name="client">
        <metrics statements="16" coveredstatements="9" conditionals="4" coveredconditionals="1" methods="7" coveredmethods="4"/>
        <file name="Overview.jsx" path="C:\Users\Owner\hrsf105-overview-module\client\Overview.jsx">
          <metrics statements="16" coveredstatements="9" conditionals="4" coveredconditionals="1" methods="7" coveredmethods="4"/>
          <line num="12" count="1" type="stmt"/>
          <line num="13" count="1" type="stmt"/>
          <line num="20" count="1" type="stmt"/>
          <line num="21" count="1" type="stmt"/>
          <line num="25" count="1" type="stmt"/>
          <line num="29" count="1" type="stmt"/>
          <line num="30" count="1" type="stmt"/>
          <line num="31" count="0" type="stmt"/>
          <line num="32" count="0" type="stmt"/>
          <line num="33" count="0" type="stmt"/>
          <line num="34" count="0" type="stmt"/>
          <line num="39" count="0" type="stmt"/>
          <line num="43" count="0" type="stmt"/>
          <line num="47" count="1" type="cond" truecount="1" falsecount="1"/>
          <line num="48" count="1" type="stmt"/>
          <line num="56" count="0" type="stmt"/>
        </file>
      </package>
      <package name="client.components">
        <metrics statements="88" coveredstatements="72" conditionals="55" coveredconditionals="39" methods="10" coveredmethods="8"/>
        <file name="Description.jsx" path="C:\Users\Owner\hrsf105-overview-module\client\components\Description.jsx">
          <metrics statements="3" coveredstatements="3" conditionals="6" coveredconditionals="3" methods="1" coveredmethods="1"/>
          <line num="3" count="1" type="stmt"/>
          <line num="4" count="100" type="stmt"/>
          <line num="6" count="100" type="stmt"/>
        </file>
        <file name="Details.jsx" path="C:\Users\Owner\hrsf105-overview-module\client\components\Details.jsx">
          <metrics statements="8" coveredstatements="8" conditionals="4" coveredconditionals="2" methods="1" coveredmethods="1"/>
          <line num="7" count="1" type="stmt"/>
          <line num="8" count="100" type="stmt"/>
          <line num="9" count="100" type="stmt"/>
          <line num="11" count="100" type="stmt"/>
          <line num="27" count="100" type="stmt"/>
          <line num="28" count="2502" type="stmt"/>
          <line num="31" count="100" type="stmt"/>
          <line num="39" count="100" type="stmt"/>
        </file>
        <file name="Glyphicon.jsx" path="C:\Users\Owner\hrsf105-overview-module\client\components\Glyphicon.jsx">
          <metrics statements="27" coveredstatements="24" conditionals="23" coveredconditionals="20" methods="1" coveredmethods="1"/>
          <line num="3" count="1" type="stmt"/>
          <line num="4" count="22" type="stmt"/>
          <line num="8" count="22" type="cond" truecount="20" falsecount="3"/>
          <line num="10" count="1" type="stmt"/>
          <line num="12" count="1" type="stmt"/>
          <line num="14" count="1" type="stmt"/>
          <line num="16" count="1" type="stmt"/>
          <line num="18" count="1" type="stmt"/>
          <line num="20" count="1" type="stmt"/>
          <line num="22" count="1" type="stmt"/>
          <line num="24" count="1" type="stmt"/>
          <line num="26" count="1" type="stmt"/>
          <line num="28" count="1" type="stmt"/>
          <line num="30" count="1" type="stmt"/>
          <line num="32" count="0" type="stmt"/>
          <line num="34" count="0" type="stmt"/>
          <line num="36" count="1" type="stmt"/>
          <line num="38" count="0" type="stmt"/>
          <line num="40" count="1" type="stmt"/>
          <line num="42" count="1" type="stmt"/>
          <line num="44" count="1" type="stmt"/>
          <line num="46" count="1" type="stmt"/>
          <line num="48" count="1" type="stmt"/>
          <line num="50" count="1" type="stmt"/>
          <line num="52" count="1" type="stmt"/>
          <line num="54" count="3" type="stmt"/>
          <line num="55" count="3" type="stmt"/>
        </file>
        <file name="LocTags.jsx" path="C:\Users\Owner\hrsf105-overview-module\client\components\LocTags.jsx">
          <metrics statements="9" coveredstatements="8" conditionals="4" coveredconditionals="3" methods="2" coveredmethods="1"/>
          <line num="4" count="1" type="stmt"/>
          <line num="5" count="100" type="stmt"/>
          <line num="7" count="100" type="stmt"/>
          <line num="15" count="100" type="stmt"/>
          <line num="20" count="0" type="stmt"/>
          <line num="23" count="100" type="stmt"/>
          <line num="24" count="500" type="cond" truecount="2" falsecount="0"/>
          <line num="25" count="350" type="stmt"/>
          <line num="39" count="100" type="stmt"/>
        </file>
        <file name="NonALTags.jsx" path="C:\Users\Owner\hrsf105-overview-module\client\components\NonALTags.jsx">
          <metrics statements="9" coveredstatements="9" conditionals="6" coveredconditionals="5" methods="1" coveredmethods="1"/>
          <line num="4" count="1" type="stmt"/>
          <line num="5" count="100" type="stmt"/>
          <line num="7" count="100" type="stmt"/>
          <line num="21" count="100" type="cond" truecount="2" falsecount="0"/>
          <line num="22" count="50" type="cond" truecount="1" falsecount="1"/>
          <line num="25" count="100" type="stmt"/>
          <line num="26" count="1150" type="cond" truecount="2" falsecount="0"/>
          <line num="27" count="800" type="stmt"/>
          <line num="42" count="100" type="stmt"/>
        </file>
        <file name="PrivateDining.jsx" path="C:\Users\Owner\hrsf105-overview-module\client\components\PrivateDining.jsx">
          <metrics statements="7" coveredstatements="5" conditionals="4" coveredconditionals="3" methods="2" coveredmethods="1"/>
          <line num="3" count="1" type="stmt"/>
          <line num="4" count="3" type="cond" truecount="1" falsecount="1"/>
          <line num="5" count="0" type="stmt"/>
          <line num="7" count="3" type="cond" truecount="2" falsecount="0"/>
          <line num="8" count="2" type="stmt"/>
          <line num="17" count="0" type="stmt"/>
          <line num="24" count="1" type="stmt"/>
        </file>
        <file name="Summary.jsx" path="C:\Users\Owner\hrsf105-overview-module\client\components\Summary.jsx">
          <metrics statements="19" coveredstatements="9" conditionals="6" coveredconditionals="1" methods="1" coveredmethods="1"/>
          <line num="4" count="1" type="stmt"/>
          <line num="5" count="100" type="stmt"/>
          <line num="6" count="100" type="stmt"/>
          <line num="7" count="100" type="stmt"/>
          <line num="8" count="301" type="stmt"/>
          <line num="11" count="100" type="cond" truecount="1" falsecount="5"/>
          <line num="13" count="0" type="stmt"/>
          <line num="14" count="0" type="stmt"/>
          <line num="16" count="0" type="stmt"/>
          <line num="17" count="0" type="stmt"/>
          <line num="19" count="0" type="stmt"/>
          <line num="20" count="0" type="stmt"/>
          <line num="22" count="0" type="stmt"/>
          <line num="23" count="0" type="stmt"/>
          <line num="25" count="0" type="stmt"/>
          <line num="26" count="0" type="stmt"/>
          <line num="28" count="100" type="stmt"/>
          <line num="29" count="100" type="stmt"/>
          <line num="31" count="100" type="stmt"/>
        </file>
        <file name="TopTags.jsx" path="C:\Users\Owner\hrsf105-overview-module\client\components\TopTags.jsx">
          <metrics statements="6" coveredstatements="6" conditionals="2" coveredconditionals="2" methods="1" coveredmethods="1"/>
          <line num="3" count="1" type="stmt"/>
          <line num="4" count="1" type="stmt"/>
          <line num="5" count="1" type="stmt"/>
          <line num="6" count="1" type="cond" truecount="2" falsecount="0"/>
          <line num="7" count="2" type="stmt"/>
          <line num="9" count="1" type="stmt"/>
        </file>
      </package>
      <package name="database">
        <metrics statements="27" coveredstatements="18" conditionals="4" coveredconditionals="0" methods="4" coveredmethods="2"/>
        <file name="models.js" path="C:\Users\Owner\hrsf105-overview-module\database\models.js">
          <metrics statements="27" coveredstatements="18" conditionals="4" coveredconditionals="0" methods="4" coveredmethods="2"/>
          <line num="1" count="2" type="stmt"/>
          <line num="2" count="2" type="stmt"/>
          <line num="4" count="2" type="stmt"/>
          <line num="10" count="2" type="stmt"/>
          <line num="23" count="2" type="stmt"/>
          <line num="25" count="2" type="stmt"/>
          <line num="27" count="0" type="cond" truecount="0" falsecount="2"/>
          <line num="29" count="0" type="stmt"/>
          <line num="31" count="0" type="stmt"/>
          <line num="32" count="0" type="stmt"/>
          <line num="49" count="2" type="stmt"/>
          <line num="50" count="3" type="stmt"/>
          <line num="52" count="3" type="stmt"/>
          <line num="53" count="3" type="stmt"/>
          <line num="54" count="34" type="stmt"/>
          <line num="56" count="3" type="stmt"/>
          <line num="58" count="3" type="stmt"/>
          <line num="59" count="2" type="stmt"/>
          <line num="60" count="2" type="stmt"/>
          <line num="61" count="34" type="stmt"/>
          <line num="63" count="2" type="stmt"/>
          <line num="66" count="3" type="stmt"/>
          <line num="67" count="0" type="cond" truecount="0" falsecount="2"/>
          <line num="68" count="0" type="stmt"/>
          <line num="69" count="0" type="stmt"/>
          <line num="71" count="0" type="stmt"/>
          <line num="72" count="0" type="stmt"/>
        </file>
      </package>
    </metrics>
  </project>
</coverage>
