{"C:\\Users\\Owner\\hrsf105-overview-module\\client\\Overview.jsx": {"path":"C:\\Users\\Owner\\hrsf105-overview-module\\client\\Overview.jsx","statementMap":{"0":{"start":{"line":12,"column":4},"end":{"line":12,"column":17}},"1":{"start":{"line":13,"column":4},"end":{"line":19,"column":6}},"2":{"start":{"line":20,"column":4},"end":{"line":20,"column":67}},"3":{"start":{"line":21,"column":4},"end":{"line":21,"column":59}},"4":{"start":{"line":25,"column":4},"end":{"line":25,"column":29}},"5":{"start":{"line":29,"column":25},"end":{"line":29,"column":63}},"6":{"start":{"line":30,"column":4},"end":{"line":35,"column":7}},"7":{"start":{"line":31,"column":20},"end":{"line":31,"column":24}},"8":{"start":{"line":32,"column":6},"end":{"line":32,"column":40}},"9":{"start":{"line":33,"column":6},"end":{"line":33,"column":58}},"10":{"start":{"line":34,"column":6},"end":{"line":34,"column":50}},"11":{"start":{"line":39,"column":4},"end":{"line":39,"column":76}},"12":{"start":{"line":43,"column":4},"end":{"line":43,"column":68}},"13":{"start":{"line":47,"column":4},"end":{"line":49,"column":5}},"14":{"start":{"line":48,"column":6},"end":{"line":48,"column":35}},"15":{"start":{"line":56,"column":4},"end":{"line":98,"column":6}}},"fnMap":{"0":{"name":"(anonymous_0)","decl":{"start":{"line":11,"column":2},"end":{"line":11,"column":3}},"loc":{"start":{"line":11,"column":21},"end":{"line":22,"column":3}},"line":11},"1":{"name":"(anonymous_1)","decl":{"start":{"line":24,"column":2},"end":{"line":24,"column":3}},"loc":{"start":{"line":24,"column":22},"end":{"line":26,"column":3}},"line":24},"2":{"name":"(anonymous_2)","decl":{"start":{"line":28,"column":2},"end":{"line":28,"column":3}},"loc":{"start":{"line":28,"column":22},"end":{"line":36,"column":3}},"line":28},"3":{"name":"(anonymous_3)","decl":{"start":{"line":30,"column":58},"end":{"line":30,"column":59}},"loc":{"start":{"line":30,"column":68},"end":{"line":35,"column":5}},"line":30},"4":{"name":"(anonymous_4)","decl":{"start":{"line":38,"column":2},"end":{"line":38,"column":3}},"loc":{"start":{"line":38,"column":24},"end":{"line":40,"column":3}},"line":38},"5":{"name":"(anonymous_5)","decl":{"start":{"line":42,"column":2},"end":{"line":42,"column":3}},"loc":{"start":{"line":42,"column":20},"end":{"line":44,"column":3}},"line":42},"6":{"name":"(anonymous_6)","decl":{"start":{"line":46,"column":2},"end":{"line":46,"column":3}},"loc":{"start":{"line":46,"column":11},"end":{"line":99,"column":3}},"line":46}},"branchMap":{"0":{"loc":{"start":{"line":47,"column":4},"end":{"line":49,"column":5}},"type":"if","locations":[{"start":{"line":47,"column":4},"end":{"line":49,"column":5}},{"start":{"line":47,"column":4},"end":{"line":49,"column":5}}],"line":47},"1":{"loc":{"start":{"line":91,"column":12},"end":{"line":93,"column":35}},"type":"cond-expr","locations":[{"start":{"line":92,"column":16},"end":{"line":92,"column":27}},{"start":{"line":93,"column":16},"end":{"line":93,"column":35}}],"line":91}},"s":{"0":1,"1":1,"2":1,"3":1,"4":1,"5":1,"6":1,"7":0,"8":0,"9":0,"10":0,"11":0,"12":0,"13":1,"14":1,"15":0},"f":{"0":1,"1":1,"2":1,"3":0,"4":0,"5":0,"6":1},"b":{"0":[1,0],"1":[0,0]},"_coverageSchema":"332fd63041d2c1bcb487cc26dd0d5f7d97098a6c","hash":"fe629afb0e764dba02f563870a1a307f92b0de66"}
,"C:\\Users\\Owner\\hrsf105-overview-module\\client\\components\\Description.jsx": {"path":"C:\\Users\\Owner\\hrsf105-overview-module\\client\\components\\Description.jsx","statementMap":{"0":{"start":{"line":3,"column":20},"end":{"line":34,"column":1}},"1":{"start":{"line":4,"column":31},"end":{"line":4,"column":62}},"2":{"start":{"line":6,"column":2},"end":{"line":33,"column":4}}},"fnMap":{"0":{"name":"(anonymous_0)","decl":{"start":{"line":3,"column":20},"end":{"line":3,"column":21}},"loc":{"start":{"line":3,"column":31},"end":{"line":34,"column":1}},"line":3}},"branchMap":{"0":{"loc":{"start":{"line":10,"column":10},"end":{"line":12,"column":43}},"type":"cond-expr","locations":[{"start":{"line":11,"column":14},"end":{"line":11,"column":37}},{"start":{"line":12,"column":14},"end":{"line":12,"column":43}}],"line":10},"1":{"loc":{"start":{"line":19,"column":10},"end":{"line":21,"column":20}},"type":"cond-expr","locations":[{"start":{"line":20,"column":14},"end":{"line":20,"column":20}},{"start":{"line":21,"column":14},"end":{"line":21,"column":20}}],"line":19},"2":{"loc":{"start":{"line":26,"column":12},"end":{"line":28,"column":27}},"type":"cond-expr","locations":[{"start":{"line":27,"column":16},"end":{"line":27,"column":27}},{"start":{"line":28,"column":16},"end":{"line":28,"column":27}}],"line":26}},"s":{"0":1,"1":100,"2":100},"f":{"0":100},"b":{"0":[0,100],"1":[0,100],"2":[0,100]},"_coverageSchema":"332fd63041d2c1bcb487cc26dd0d5f7d97098a6c","hash":"0f8893b972e1355d94e9ffdd969394bbbcce6110"}
,"C:\\Users\\Owner\\hrsf105-overview-module\\client\\components\\Details.jsx": {"path":"C:\\Users\\Owner\\hrsf105-overview-module\\client\\components\\Details.jsx","statementMap":{"0":{"start":{"line":7,"column":16},"end":{"line":74,"column":1}},"1":{"start":{"line":8,"column":23},"end":{"line":8,"column":25}},"2":{"start":{"line":9,"column":18},"end":{"line":9,"column":20}},"3":{"start":{"line":11,"column":41},"end":{"line":23,"column":3}},"4":{"start":{"line":27,"column":2},"end":{"line":29,"column":3}},"5":{"start":{"line":28,"column":4},"end":{"line":28,"column":132}},"6":{"start":{"line":31,"column":27},"end":{"line":37,"column":3}},"7":{"start":{"line":39,"column":2},"end":{"line":73,"column":4}}},"fnMap":{"0":{"name":"(anonymous_0)","decl":{"start":{"line":7,"column":16},"end":{"line":7,"column":17}},"loc":{"start":{"line":7,"column":27},"end":{"line":74,"column":1}},"line":7}},"branchMap":{"0":{"loc":{"start":{"line":32,"column":14},"end":{"line":32,"column":63}},"type":"cond-expr","locations":[{"start":{"line":32,"column":43},"end":{"line":32,"column":52}},{"start":{"line":32,"column":55},"end":{"line":32,"column":63}}],"line":32},"1":{"loc":{"start":{"line":34,"column":12},"end":{"line":34,"column":57}},"type":"cond-expr","locations":[{"start":{"line":34,"column":41},"end":{"line":34,"column":47}},{"start":{"line":34,"column":50},"end":{"line":34,"column":57}}],"line":34}},"s":{"0":1,"1":100,"2":100,"3":100,"4":100,"5":2502,"6":100,"7":100},"f":{"0":100},"b":{"0":[0,100],"1":[0,100]},"_coverageSchema":"332fd63041d2c1bcb487cc26dd0d5f7d97098a6c","hash":"f5124fc9715efd23b259014b9830f90141f68494"}
,"C:\\Users\\Owner\\hrsf105-overview-module\\client\\components\\Glyphicon.jsx": {"path":"C:\\Users\\Owner\\hrsf105-overview-module\\client\\components\\Glyphicon.jsx","statementMap":{"0":{"start":{"line":3,"column":18},"end":{"line":57,"column":1}},"1":{"start":{"line":4,"column":21},"end":{"line":6,"column":3}},"2":{"start":{"line":8,"column":2},"end":{"line":56,"column":3}},"3":{"start":{"line":10,"column":6},"end":{"line":10,"column":144}},"4":{"start":{"line":12,"column":6},"end":{"line":12,"column":154}},"5":{"start":{"line":14,"column":6},"end":{"line":14,"column":141}},"6":{"start":{"line":16,"column":6},"end":{"line":16,"column":150}},"7":{"start":{"line":18,"column":6},"end":{"line":18,"column":158}},"8":{"start":{"line":20,"column":6},"end":{"line":20,"column":160}},"9":{"start":{"line":22,"column":6},"end":{"line":22,"column":160}},"10":{"start":{"line":24,"column":6},"end":{"line":24,"column":156}},"11":{"start":{"line":26,"column":6},"end":{"line":26,"column":143}},"12":{"start":{"line":28,"column":6},"end":{"line":28,"column":165}},"13":{"start":{"line":30,"column":6},"end":{"line":30,"column":157}},"14":{"start":{"line":32,"column":6},"end":{"line":32,"column":167}},"15":{"start":{"line":34,"column":6},"end":{"line":34,"column":156}},"16":{"start":{"line":36,"column":6},"end":{"line":36,"column":164}},"17":{"start":{"line":38,"column":6},"end":{"line":38,"column":178}},"18":{"start":{"line":40,"column":6},"end":{"line":40,"column":149}},"19":{"start":{"line":42,"column":6},"end":{"line":42,"column":145}},"20":{"start":{"line":44,"column":6},"end":{"line":44,"column":144}},"21":{"start":{"line":46,"column":6},"end":{"line":46,"column":168}},"22":{"start":{"line":48,"column":6},"end":{"line":48,"column":147}},"23":{"start":{"line":50,"column":6},"end":{"line":50,"column":190}},"24":{"start":{"line":52,"column":6},"end":{"line":52,"column":132}},"25":{"start":{"line":54,"column":6},"end":{"line":54,"column":40}},"26":{"start":{"line":55,"column":6},"end":{"line":55,"column":143}}},"fnMap":{"0":{"name":"(anonymous_0)","decl":{"start":{"line":3,"column":18},"end":{"line":3,"column":19}},"loc":{"start":{"line":3,"column":29},"end":{"line":57,"column":1}},"line":3}},"branchMap":{"0":{"loc":{"start":{"line":8,"column":2},"end":{"line":56,"column":3}},"type":"switch","locations":[{"start":{"line":9,"column":4},"end":{"line":10,"column":144}},{"start":{"line":11,"column":4},"end":{"line":12,"column":154}},{"start":{"line":13,"column":4},"end":{"line":14,"column":141}},{"start":{"line":15,"column":4},"end":{"line":16,"column":150}},{"start":{"line":17,"column":4},"end":{"line":18,"column":158}},{"start":{"line":19,"column":4},"end":{"line":20,"column":160}},{"start":{"line":21,"column":4},"end":{"line":22,"column":160}},{"start":{"line":23,"column":4},"end":{"line":24,"column":156}},{"start":{"line":25,"column":4},"end":{"line":26,"column":143}},{"start":{"line":27,"column":4},"end":{"line":28,"column":165}},{"start":{"line":29,"column":4},"end":{"line":30,"column":157}},{"start":{"line":31,"column":4},"end":{"line":32,"column":167}},{"start":{"line":33,"column":4},"end":{"line":34,"column":156}},{"start":{"line":35,"column":4},"end":{"line":36,"column":164}},{"start":{"line":37,"column":4},"end":{"line":38,"column":178}},{"start":{"line":39,"column":4},"end":{"line":40,"column":149}},{"start":{"line":41,"column":4},"end":{"line":42,"column":145}},{"start":{"line":43,"column":4},"end":{"line":44,"column":144}},{"start":{"line":45,"column":4},"end":{"line":46,"column":168}},{"start":{"line":47,"column":4},"end":{"line":48,"column":147}},{"start":{"line":49,"column":4},"end":{"line":50,"column":190}},{"start":{"line":51,"column":4},"end":{"line":52,"column":132}},{"start":{"line":53,"column":4},"end":{"line":55,"column":143}}],"line":8}},"s":{"0":1,"1":22,"2":22,"3":1,"4":1,"5":1,"6":1,"7":1,"8":1,"9":1,"10":1,"11":1,"12":1,"13":1,"14":0,"15":0,"16":1,"17":0,"18":1,"19":1,"20":1,"21":1,"22":1,"23":1,"24":1,"25":3,"26":3},"f":{"0":22},"b":{"0":[1,1,1,1,1,1,1,1,1,1,1,0,0,1,0,1,1,1,1,1,1,1,3]},"_coverageSchema":"332fd63041d2c1bcb487cc26dd0d5f7d97098a6c","hash":"54d051e14c695c0e5683f51494162b8f10ac470e"}
,"C:\\Users\\Owner\\hrsf105-overview-module\\client\\components\\LocTags.jsx": {"path":"C:\\Users\\Owner\\hrsf105-overview-module\\client\\components\\LocTags.jsx","statementMap":{"0":{"start":{"line":4,"column":16},"end":{"line":44,"column":1}},"1":{"start":{"line":5,"column":21},"end":{"line":5,"column":23}},"2":{"start":{"line":7,"column":22},"end":{"line":13,"column":3}},"3":{"start":{"line":15,"column":25},"end":{"line":21,"column":3}},"4":{"start":{"line":20,"column":73},"end":{"line":20,"column":103}},"5":{"start":{"line":23,"column":2},"end":{"line":37,"column":3}},"6":{"start":{"line":24,"column":4},"end":{"line":36,"column":5}},"7":{"start":{"line":25,"column":6},"end":{"line":35,"column":9}},"8":{"start":{"line":39,"column":2},"end":{"line":43,"column":4}}},"fnMap":{"0":{"name":"(anonymous_0)","decl":{"start":{"line":4,"column":16},"end":{"line":4,"column":17}},"loc":{"start":{"line":4,"column":27},"end":{"line":44,"column":1}},"line":4},"1":{"name":"(anonymous_1)","decl":{"start":{"line":20,"column":67},"end":{"line":20,"column":68}},"loc":{"start":{"line":20,"column":73},"end":{"line":20,"column":103}},"line":20}},"branchMap":{"0":{"loc":{"start":{"line":9,"column":5},"end":{"line":9,"column":92}},"type":"cond-expr","locations":[{"start":{"line":9,"column":50},"end":{"line":9,"column":87}},{"start":{"line":9,"column":90},"end":{"line":9,"column":92}}],"line":9},"1":{"loc":{"start":{"line":24,"column":4},"end":{"line":36,"column":5}},"type":"if","locations":[{"start":{"line":24,"column":4},"end":{"line":36,"column":5}},{"start":{"line":24,"column":4},"end":{"line":36,"column":5}}],"line":24}},"s":{"0":1,"1":100,"2":100,"3":100,"4":0,"5":100,"6":500,"7":350,"8":100},"f":{"0":100,"1":0},"b":{"0":[100,0],"1":[350,150]},"_coverageSchema":"332fd63041d2c1bcb487cc26dd0d5f7d97098a6c","hash":"9c1465a2773c22a03cfbb9d0512a8e75d24632b9"}
,"C:\\Users\\Owner\\hrsf105-overview-module\\client\\components\\NonALTags.jsx": {"path":"C:\\Users\\Owner\\hrsf105-overview-module\\client\\components\\NonALTags.jsx","statementMap":{"0":{"start":{"line":4,"column":18},"end":{"line":47,"column":1}},"1":{"start":{"line":5,"column":23},"end":{"line":5,"column":25}},"2":{"start":{"line":7,"column":41},"end":{"line":19,"column":3}},"3":{"start":{"line":21,"column":2},"end":{"line":23,"column":3}},"4":{"start":{"line":22,"column":4},"end":{"line":22,"column":190}},"5":{"start":{"line":25,"column":2},"end":{"line":39,"column":3}},"6":{"start":{"line":26,"column":4},"end":{"line":38,"column":5}},"7":{"start":{"line":27,"column":6},"end":{"line":37,"column":9}},"8":{"start":{"line":42,"column":2},"end":{"line":46,"column":4}}},"fnMap":{"0":{"name":"(anonymous_0)","decl":{"start":{"line":4,"column":18},"end":{"line":4,"column":19}},"loc":{"start":{"line":4,"column":29},"end":{"line":47,"column":1}},"line":4}},"branchMap":{"0":{"loc":{"start":{"line":21,"column":2},"end":{"line":23,"column":3}},"type":"if","locations":[{"start":{"line":21,"column":2},"end":{"line":23,"column":3}},{"start":{"line":21,"column":2},"end":{"line":23,"column":3}}],"line":21},"1":{"loc":{"start":{"line":22,"column":62},"end":{"line":22,"column":187}},"type":"cond-expr","locations":[{"start":{"line":22,"column":104},"end":{"line":22,"column":110}},{"start":{"line":22,"column":114},"end":{"line":22,"column":186}}],"line":22},"2":{"loc":{"start":{"line":26,"column":4},"end":{"line":38,"column":5}},"type":"if","locations":[{"start":{"line":26,"column":4},"end":{"line":38,"column":5}},{"start":{"line":26,"column":4},"end":{"line":38,"column":5}}],"line":26}},"s":{"0":1,"1":100,"2":100,"3":100,"4":50,"5":100,"6":1150,"7":800,"8":100},"f":{"0":100},"b":{"0":[50,50],"1":[0,50],"2":[800,350]},"_coverageSchema":"332fd63041d2c1bcb487cc26dd0d5f7d97098a6c","hash":"f6c9b3608a6b99e216cd6fcd44d9611c2e8610b3"}
,"C:\\Users\\Owner\\hrsf105-overview-module\\client\\components\\PrivateDining.jsx": {"path":"C:\\Users\\Owner\\hrsf105-overview-module\\client\\components\\PrivateDining.jsx","statementMap":{"0":{"start":{"line":3,"column":22},"end":{"line":25,"column":1}},"1":{"start":{"line":4,"column":2},"end":{"line":6,"column":3}},"2":{"start":{"line":5,"column":4},"end":{"line":5,"column":14}},"3":{"start":{"line":7,"column":2},"end":{"line":23,"column":3}},"4":{"start":{"line":8,"column":4},"end":{"line":22,"column":6}},"5":{"start":{"line":17,"column":25},"end":{"line":17,"column":54}},"6":{"start":{"line":24,"column":2},"end":{"line":24,"column":12}}},"fnMap":{"0":{"name":"(anonymous_0)","decl":{"start":{"line":3,"column":22},"end":{"line":3,"column":23}},"loc":{"start":{"line":3,"column":33},"end":{"line":25,"column":1}},"line":3},"1":{"name":"(anonymous_1)","decl":{"start":{"line":17,"column":19},"end":{"line":17,"column":20}},"loc":{"start":{"line":17,"column":25},"end":{"line":17,"column":54}},"line":17}},"branchMap":{"0":{"loc":{"start":{"line":4,"column":2},"end":{"line":6,"column":3}},"type":"if","locations":[{"start":{"line":4,"column":2},"end":{"line":6,"column":3}},{"start":{"line":4,"column":2},"end":{"line":6,"column":3}}],"line":4},"1":{"loc":{"start":{"line":7,"column":2},"end":{"line":23,"column":3}},"type":"if","locations":[{"start":{"line":7,"column":2},"end":{"line":23,"column":3}},{"start":{"line":7,"column":2},"end":{"line":23,"column":3}}],"line":7}},"s":{"0":1,"1":3,"2":0,"3":3,"4":2,"5":0,"6":1},"f":{"0":3,"1":0},"b":{"0":[0,3],"1":[2,1]},"_coverageSchema":"332fd63041d2c1bcb487cc26dd0d5f7d97098a6c","hash":"6257a859a490c5b60edf2b5a36937217dd44bfab"}
,"C:\\Users\\Owner\\hrsf105-overview-module\\client\\components\\Summary.jsx": {"path":"C:\\Users\\Owner\\hrsf105-overview-module\\client\\components\\Summary.jsx","statementMap":{"0":{"start":{"line":4,"column":16},"end":{"line":56,"column":1}},"1":{"start":{"line":5,"column":17},"end":{"line":5,"column":19}},"2":{"start":{"line":6,"column":26},"end":{"line":6,"column":50}},"3":{"start":{"line":7,"column":2},"end":{"line":9,"column":3}},"4":{"start":{"line":8,"column":4},"end":{"line":8,"column":69}},"5":{"start":{"line":11,"column":2},"end":{"line":30,"column":3}},"6":{"start":{"line":13,"column":6},"end":{"line":13,"column":36}},"7":{"start":{"line":14,"column":6},"end":{"line":14,"column":12}},"8":{"start":{"line":16,"column":6},"end":{"line":16,"column":36}},"9":{"start":{"line":17,"column":6},"end":{"line":17,"column":12}},"10":{"start":{"line":19,"column":6},"end":{"line":19,"column":32}},"11":{"start":{"line":20,"column":6},"end":{"line":20,"column":12}},"12":{"start":{"line":22,"column":6},"end":{"line":22,"column":35}},"13":{"start":{"line":23,"column":6},"end":{"line":23,"column":12}},"14":{"start":{"line":25,"column":6},"end":{"line":25,"column":35}},"15":{"start":{"line":26,"column":6},"end":{"line":26,"column":12}},"16":{"start":{"line":28,"column":6},"end":{"line":28,"column":52}},"17":{"start":{"line":29,"column":6},"end":{"line":29,"column":12}},"18":{"start":{"line":31,"column":2},"end":{"line":55,"column":4}}},"fnMap":{"0":{"name":"(anonymous_0)","decl":{"start":{"line":4,"column":16},"end":{"line":4,"column":17}},"loc":{"start":{"line":4,"column":27},"end":{"line":56,"column":1}},"line":4}},"branchMap":{"0":{"loc":{"start":{"line":11,"column":2},"end":{"line":30,"column":3}},"type":"switch","locations":[{"start":{"line":12,"column":4},"end":{"line":14,"column":12}},{"start":{"line":15,"column":4},"end":{"line":17,"column":12}},{"start":{"line":18,"column":4},"end":{"line":20,"column":12}},{"start":{"line":21,"column":4},"end":{"line":23,"column":12}},{"start":{"line":24,"column":4},"end":{"line":26,"column":12}},{"start":{"line":27,"column":4},"end":{"line":29,"column":12}}],"line":11}},"s":{"0":1,"1":100,"2":100,"3":100,"4":301,"5":100,"6":0,"7":0,"8":0,"9":0,"10":0,"11":0,"12":0,"13":0,"14":0,"15":0,"16":100,"17":100,"18":100},"f":{"0":100},"b":{"0":[0,0,0,0,0,100]},"_coverageSchema":"332fd63041d2c1bcb487cc26dd0d5f7d97098a6c","hash":"229d65ef711e839728b1e51ad52ed41ca1e4974c"}
,"C:\\Users\\Owner\\hrsf105-overview-module\\client\\components\\TopTags.jsx": {"path":"C:\\Users\\Owner\\hrsf105-overview-module\\client\\components\\TopTags.jsx","statementMap":{"0":{"start":{"line":3,"column":16},"end":{"line":17,"column":1}},"1":{"start":{"line":4,"column":19},"end":{"line":4,"column":21}},"2":{"start":{"line":5,"column":2},"end":{"line":5,"column":132}},"3":{"start":{"line":6,"column":2},"end":{"line":8,"column":3}},"4":{"start":{"line":7,"column":4},"end":{"line":7,"column":133}},"5":{"start":{"line":9,"column":2},"end":{"line":16,"column":4}}},"fnMap":{"0":{"name":"(anonymous_0)","decl":{"start":{"line":3,"column":16},"end":{"line":3,"column":17}},"loc":{"start":{"line":3,"column":27},"end":{"line":17,"column":1}},"line":3}},"branchMap":{"0":{"loc":{"start":{"line":6,"column":18},"end":{"line":6,"column":48}},"type":"binary-expr","locations":[{"start":{"line":6,"column":18},"end":{"line":6,"column":23}},{"start":{"line":6,"column":27},"end":{"line":6,"column":48}}],"line":6}},"s":{"0":1,"1":1,"2":1,"3":1,"4":2,"5":1},"f":{"0":1},"b":{"0":[3,2]},"_coverageSchema":"332fd63041d2c1bcb487cc26dd0d5f7d97098a6c","hash":"48adc4a96e19b91ed1171c0ae79ff3038b3d2ac5"}
,"C:\\Users\\Owner\\hrsf105-overview-module\\database\\models.js": {"path":"C:\\Users\\Owner\\hrsf105-overview-module\\database\\models.js","statementMap":{"0":{"start":{"line":1,"column":14},"end":{"line":1,"column":30}},"1":{"start":{"line":2,"column":18},"end":{"line":2,"column":45}},"2":{"start":{"line":4,"column":21},"end":{"line":8,"column":2}},"3":{"start":{"line":10,"column":0},"end":{"line":10,"column":41}},"4":{"start":{"line":23,"column":0},"end":{"line":35,"column":2}},"5":{"start":{"line":25,"column":2},"end":{"line":34,"column":5}},"6":{"start":{"line":27,"column":4},"end":{"line":33,"column":5}},"7":{"start":{"line":29,"column":6},"end":{"line":29,"column":32}},"8":{"start":{"line":31,"column":6},"end":{"line":31,"column":50}},"9":{"start":{"line":32,"column":6},"end":{"line":32,"column":38}},"10":{"start":{"line":49,"column":0},"end":{"line":75,"column":2}},"11":{"start":{"line":50,"column":14},"end":{"line":50,"column":85}},"12":{"start":{"line":52,"column":2},"end":{"line":52,"column":19}},"13":{"start":{"line":53,"column":2},"end":{"line":55,"column":3}},"14":{"start":{"line":54,"column":4},"end":{"line":54,"column":78}},"15":{"start":{"line":56,"column":2},"end":{"line":56,"column":15}},"16":{"start":{"line":58,"column":2},"end":{"line":64,"column":3}},"17":{"start":{"line":59,"column":4},"end":{"line":59,"column":23}},"18":{"start":{"line":60,"column":4},"end":{"line":62,"column":5}},"19":{"start":{"line":61,"column":6},"end":{"line":61,"column":81}},"20":{"start":{"line":63,"column":4},"end":{"line":63,"column":17}},"21":{"start":{"line":66,"column":2},"end":{"line":74,"column":5}},"22":{"start":{"line":67,"column":4},"end":{"line":73,"column":5}},"23":{"start":{"line":68,"column":6},"end":{"line":68,"column":27}},"24":{"start":{"line":69,"column":6},"end":{"line":69,"column":28}},"25":{"start":{"line":71,"column":6},"end":{"line":71,"column":27}},"26":{"start":{"line":72,"column":6},"end":{"line":72,"column":30}}},"fnMap":{"0":{"name":"(anonymous_0)","decl":{"start":{"line":23,"column":35},"end":{"line":23,"column":36}},"loc":{"start":{"line":23,"column":53},"end":{"line":35,"column":1}},"line":23},"1":{"name":"(anonymous_1)","decl":{"start":{"line":25,"column":67},"end":{"line":25,"column":68}},"loc":{"start":{"line":25,"column":93},"end":{"line":34,"column":3}},"line":25},"2":{"name":"(anonymous_2)","decl":{"start":{"line":49,"column":39},"end":{"line":49,"column":40}},"loc":{"start":{"line":49,"column":71},"end":{"line":75,"column":1}},"line":49},"3":{"name":"(anonymous_3)","decl":{"start":{"line":66,"column":28},"end":{"line":66,"column":29}},"loc":{"start":{"line":66,"column":48},"end":{"line":74,"column":3}},"line":66}},"branchMap":{"0":{"loc":{"start":{"line":27,"column":4},"end":{"line":33,"column":5}},"type":"if","locations":[{"start":{"line":27,"column":4},"end":{"line":33,"column":5}},{"start":{"line":27,"column":4},"end":{"line":33,"column":5}}],"line":27},"1":{"loc":{"start":{"line":67,"column":4},"end":{"line":73,"column":5}},"type":"if","locations":[{"start":{"line":67,"column":4},"end":{"line":73,"column":5}},{"start":{"line":67,"column":4},"end":{"line":73,"column":5}}],"line":67}},"s":{"0":2,"1":2,"2":2,"3":2,"4":2,"5":2,"6":0,"7":0,"8":0,"9":0,"10":2,"11":3,"12":3,"13":3,"14":34,"15":3,"16":3,"17":2,"18":2,"19":34,"20":2,"21":3,"22":0,"23":0,"24":0,"25":0,"26":0},"f":{"0":2,"1":0,"2":3,"3":0},"b":{"0":[0,0],"1":[0,0]},"_coverageSchema":"332fd63041d2c1bcb487cc26dd0d5f7d97098a6c","hash":"42340c1d78fe070f7a6258ed83c0649348c0c50b"}
}
