TN:
SF:C:\Users\Owner\hrsf105-overview-module\client\Overview.jsx
FN:11,(anonymous_0)
FN:24,(anonymous_1)
FN:28,(anonymous_2)
FN:30,(anonymous_3)
FN:38,(anonymous_4)
FN:42,(anonymous_5)
FN:46,(anonymous_6)
FNF:7
FNH:4
FNDA:1,(anonymous_0)
FNDA:1,(anonymous_1)
FNDA:1,(anonymous_2)
FNDA:0,(anonymous_3)
FNDA:0,(anonymous_4)
FNDA:0,(anonymous_5)
FNDA:1,(anonymous_6)
DA:12,1
DA:13,1
DA:20,1
DA:21,1
DA:25,1
DA:29,1
DA:30,1
DA:31,0
DA:32,0
DA:33,0
DA:34,0
DA:39,0
DA:43,0
DA:47,1
DA:48,1
DA:56,0
LF:16
LH:9
BRDA:47,0,0,1
BRDA:47,0,1,0
BRDA:91,1,0,0
BRDA:91,1,1,0
BRF:4
BRH:1
end_of_record
TN:
SF:C:\Users\Owner\hrsf105-overview-module\client\components\Description.jsx
FN:3,(anonymous_0)
FNF:1
FNH:1
FNDA:100,(anonymous_0)
DA:3,1
DA:4,100
DA:6,100
LF:3
LH:3
BRDA:10,0,0,0
BRDA:10,0,1,100
BRDA:19,1,0,0
BRDA:19,1,1,100
BRDA:26,2,0,0
BRDA:26,2,1,100
BRF:6
BRH:3
end_of_record
TN:
SF:C:\Users\Owner\hrsf105-overview-module\client\components\Details.jsx
FN:7,(anonymous_0)
FNF:1
FNH:1
FNDA:100,(anonymous_0)
DA:7,1
DA:8,100
DA:9,100
DA:11,100
DA:27,100
DA:28,2502
DA:31,100
DA:39,100
LF:8
LH:8
BRDA:32,0,0,0
BRDA:32,0,1,100
BRDA:34,1,0,0
BRDA:34,1,1,100
BRF:4
BRH:2
end_of_record
TN:
SF:C:\Users\Owner\hrsf105-overview-module\client\components\Glyphicon.jsx
FN:3,(anonymous_0)
FNF:1
FNH:1
FNDA:22,(anonymous_0)
DA:3,1
DA:4,22
DA:8,22
DA:10,1
DA:12,1
DA:14,1
DA:16,1
DA:18,1
DA:20,1
DA:22,1
DA:24,1
DA:26,1
DA:28,1
DA:30,1
DA:32,0
DA:34,0
DA:36,1
DA:38,0
DA:40,1
DA:42,1
DA:44,1
DA:46,1
DA:48,1
DA:50,1
DA:52,1
DA:54,3
DA:55,3
LF:27
LH:24
BRDA:8,0,0,1
BRDA:8,0,1,1
BRDA:8,0,2,1
BRDA:8,0,3,1
BRDA:8,0,4,1
BRDA:8,0,5,1
BRDA:8,0,6,1
BRDA:8,0,7,1
BRDA:8,0,8,1
BRDA:8,0,9,1
BRDA:8,0,10,1
BRDA:8,0,11,0
BRDA:8,0,12,0
BRDA:8,0,13,1
BRDA:8,0,14,0
BRDA:8,0,15,1
BRDA:8,0,16,1
BRDA:8,0,17,1
BRDA:8,0,18,1
BRDA:8,0,19,1
BRDA:8,0,20,1
BRDA:8,0,21,1
BRDA:8,0,22,3
BRF:23
BRH:20
end_of_record
TN:
SF:C:\Users\Owner\hrsf105-overview-module\client\components\LocTags.jsx
FN:4,(anonymous_0)
FN:20,(anonymous_1)
FNF:2
FNH:1
FNDA:100,(anonymous_0)
FNDA:0,(anonymous_1)
DA:4,1
DA:5,100
DA:7,100
DA:15,100
DA:20,0
DA:23,100
DA:24,500
DA:25,350
DA:39,100
LF:9
LH:8
BRDA:9,0,0,100
BRDA:9,0,1,0
BRDA:24,1,0,350
BRDA:24,1,1,150
BRF:4
BRH:3
end_of_record
TN:
SF:C:\Users\Owner\hrsf105-overview-module\client\components\NonALTags.jsx
FN:4,(anonymous_0)
FNF:1
FNH:1
FNDA:100,(anonymous_0)
DA:4,1
DA:5,100
DA:7,100
DA:21,100
DA:22,50
DA:25,100
DA:26,1150
DA:27,800
DA:42,100
LF:9
LH:9
BRDA:21,0,0,50
BRDA:21,0,1,50
BRDA:22,1,0,0
BRDA:22,1,1,50
BRDA:26,2,0,800
BRDA:26,2,1,350
BRF:6
BRH:5
end_of_record
TN:
SF:C:\Users\Owner\hrsf105-overview-module\client\components\PrivateDining.jsx
FN:3,(anonymous_0)
FN:17,(anonymous_1)
FNF:2
FNH:1
FNDA:3,(anonymous_0)
FNDA:0,(anonymous_1)
DA:3,1
DA:4,3
DA:5,0
DA:7,3
DA:8,2
DA:17,0
DA:24,1
LF:7
LH:5
BRDA:4,0,0,0
BRDA:4,0,1,3
BRDA:7,1,0,2
BRDA:7,1,1,1
BRF:4
BRH:3
end_of_record
TN:
SF:C:\Users\Owner\hrsf105-overview-module\client\components\Summary.jsx
FN:4,(anonymous_0)
FNF:1
FNH:1
FNDA:100,(anonymous_0)
DA:4,1
DA:5,100
DA:6,100
DA:7,100
DA:8,301
DA:11,100
DA:13,0
DA:14,0
DA:16,0
DA:17,0
DA:19,0
DA:20,0
DA:22,0
DA:23,0
DA:25,0
DA:26,0
DA:28,100
DA:29,100
DA:31,100
LF:19
LH:9
BRDA:11,0,0,0
BRDA:11,0,1,0
BRDA:11,0,2,0
BRDA:11,0,3,0
BRDA:11,0,4,0
BRDA:11,0,5,100
BRF:6
BRH:1
end_of_record
TN:
SF:C:\Users\Owner\hrsf105-overview-module\client\components\TopTags.jsx
FN:3,(anonymous_0)
FNF:1
FNH:1
FNDA:1,(anonymous_0)
DA:3,1
DA:4,1
DA:5,1
DA:6,1
DA:7,2
DA:9,1
LF:6
LH:6
BRDA:6,0,0,3
BRDA:6,0,1,2
BRF:2
BRH:2
end_of_record
TN:
SF:C:\Users\Owner\hrsf105-overview-module\database\models.js
FN:23,(anonymous_0)
FN:25,(anonymous_1)
FN:49,(anonymous_2)
FN:66,(anonymous_3)
FNF:4
FNH:2
FNDA:2,(anonymous_0)
FNDA:0,(anonymous_1)
FNDA:3,(anonymous_2)
FNDA:0,(anonymous_3)
DA:1,2
DA:2,2
DA:4,2
DA:10,2
DA:23,2
DA:25,2
DA:27,0
DA:29,0
DA:31,0
DA:32,0
DA:49,2
DA:50,3
DA:52,3
DA:53,3
DA:54,34
DA:56,3
DA:58,3
DA:59,2
DA:60,2
DA:61,34
DA:63,2
DA:66,3
DA:67,0
DA:68,0
DA:69,0
DA:71,0
DA:72,0
LF:27
LH:18
BRDA:27,0,0,0
BRDA:27,0,1,0
BRDA:67,1,0,0
BRDA:67,1,1,0
BRF:4
BRH:0
end_of_record
